This is pdfTeX, Version 3.141592653-2.6-1.40.25 (MiKTeX 24.1) (preloaded format=pdflatex 2024.4.13)  22 JUN 2025 19:00
entering extended mode
 restricted \write18 enabled.
 file:line:error style messages enabled.
 %&-line parsing enabled.
**c:/ALL/Stefano/Bicocca/3terzo_anno/lab_comp/lab_computazionale1/relazione/relazione.tex
(c:/ALL/Stefano/Bicocca/3terzo_anno/lab_comp/lab_computazionale1/relazione/relazione.tex
LaTeX2e <2023-11-01> patch level 1
L3 programming layer <2024-01-04>
(C:\Users\i\AppData\Local\Programs\MiKTeX\tex/latex/base\article.cls
Document Class: article 2023/05/17 v1.4n Standard LaTeX document class
(C:\Users\i\AppData\Local\Programs\MiKTeX\tex/latex/base\size12.clo
File: size12.clo 2023/05/17 v1.4n Standard LaTeX file (size option)
)
\c@part=\count187
\c@section=\count188
\c@subsection=\count189
\c@subsubsection=\count190
\c@paragraph=\count191
\c@subparagraph=\count192
\c@figure=\count193
\c@table=\count194
\abovecaptionskip=\skip48
\belowcaptionskip=\skip49
\bibindent=\dimen140
) (C:\Users\i\AppData\Local\Programs\MiKTeX\tex/latex/mathtools\mathtools.sty
Package: mathtools 2024/03/11 v1.30 mathematical typesetting tools
 (C:\Users\i\AppData\Local\Programs\MiKTeX\tex/latex/graphics\keyval.sty
Package: keyval 2022/05/29 v1.15 key=value parser (DPC)
\KV@toks@=\toks17
) (C:\Users\i\AppData\Local\Programs\MiKTeX\tex/latex/tools\calc.sty
Package: calc 2023/07/08 v4.3 Infix arithmetic (KKT,FJ)
\calc@Acount=\count195
\calc@Bcount=\count196
\calc@Adimen=\dimen141
\calc@Bdimen=\dimen142
\calc@Askip=\skip50
\calc@Bskip=\skip51
LaTeX Info: Redefining \setlength on input line 80.
LaTeX Info: Redefining \addtolength on input line 81.
\calc@Ccount=\count197
\calc@Cskip=\skip52
) (C:\Users\i\AppData\Local\Programs\MiKTeX\tex/latex/mathtools\mhsetup.sty
Package: mhsetup 2021/03/18 v1.4 programming setup (MH)
) (C:\Users\i\AppData\Local\Programs\MiKTeX\tex/latex/amsmath\amsmath.sty
Package: amsmath 2023/05/13 v2.17o AMS math features
\@mathmargin=\skip53

For additional information on amsmath, use the `?' option.
(C:\Users\i\AppData\Local\Programs\MiKTeX\tex/latex/amsmath\amstext.sty
Package: amstext 2021/08/26 v2.01 AMS text
 (C:\Users\i\AppData\Local\Programs\MiKTeX\tex/latex/amsmath\amsgen.sty
File: amsgen.sty 1999/11/30 v2.0 generic functions
\@emptytoks=\toks18
\ex@=\dimen143
)) (C:\Users\i\AppData\Local\Programs\MiKTeX\tex/latex/amsmath\amsbsy.sty
Package: amsbsy 1999/11/29 v1.2d Bold Symbols
\pmbraise@=\dimen144
) (C:\Users\i\AppData\Local\Programs\MiKTeX\tex/latex/amsmath\amsopn.sty
Package: amsopn 2022/04/08 v2.04 operator names
)
\inf@bad=\count198
LaTeX Info: Redefining \frac on input line 234.
\uproot@=\count199
\leftroot@=\count266
LaTeX Info: Redefining \overline on input line 399.
LaTeX Info: Redefining \colon on input line 410.
\classnum@=\count267
\DOTSCASE@=\count268
LaTeX Info: Redefining \ldots on input line 496.
LaTeX Info: Redefining \dots on input line 499.
LaTeX Info: Redefining \cdots on input line 620.
\Mathstrutbox@=\box51
\strutbox@=\box52
LaTeX Info: Redefining \big on input line 722.
LaTeX Info: Redefining \Big on input line 723.
LaTeX Info: Redefining \bigg on input line 724.
LaTeX Info: Redefining \Bigg on input line 725.
\big@size=\dimen145
LaTeX Font Info:    Redeclaring font encoding OML on input line 743.
LaTeX Font Info:    Redeclaring font encoding OMS on input line 744.
\macc@depth=\count269
LaTeX Info: Redefining \bmod on input line 905.
LaTeX Info: Redefining \pmod on input line 910.
LaTeX Info: Redefining \smash on input line 940.
LaTeX Info: Redefining \relbar on input line 970.
LaTeX Info: Redefining \Relbar on input line 971.
\c@MaxMatrixCols=\count270
\dotsspace@=\muskip16
\c@parentequation=\count271
\dspbrk@lvl=\count272
\tag@help=\toks19
\row@=\count273
\column@=\count274
\maxfields@=\count275
\andhelp@=\toks20
\eqnshift@=\dimen146
\alignsep@=\dimen147
\tagshift@=\dimen148
\tagwidth@=\dimen149
\totwidth@=\dimen150
\lineht@=\dimen151
\@envbody=\toks21
\multlinegap=\skip54
\multlinetaggap=\skip55
\mathdisplay@stack=\toks22
LaTeX Info: Redefining \[ on input line 2953.
LaTeX Info: Redefining \] on input line 2954.
)
\g_MT_multlinerow_int=\count276
\l_MT_multwidth_dim=\dimen152
\origjot=\skip56
\l_MT_shortvdotswithinadjustabove_dim=\dimen153
\l_MT_shortvdotswithinadjustbelow_dim=\dimen154
\l_MT_above_intertext_sep=\dimen155
\l_MT_below_intertext_sep=\dimen156
\l_MT_above_shortintertext_sep=\dimen157
\l_MT_below_shortintertext_sep=\dimen158
\xmathstrut@box=\box53
\xmathstrut@dim=\dimen159
) (C:\Users\i\AppData\Local\Programs\MiKTeX\tex/latex/booktabs\booktabs.sty
Package: booktabs 2020/01/12 v1.61803398 Publication quality tables
\heavyrulewidth=\dimen160
\lightrulewidth=\dimen161
\cmidrulewidth=\dimen162
\belowrulesep=\dimen163
\belowbottomsep=\dimen164
\aboverulesep=\dimen165
\abovetopsep=\dimen166
\cmidrulesep=\dimen167
\cmidrulekern=\dimen168
\defaultaddspace=\dimen169
\@cmidla=\count277
\@cmidlb=\count278
\@aboverulesep=\dimen170
\@belowrulesep=\dimen171
\@thisruleclass=\count279
\@lastruleclass=\count280
\@thisrulewidth=\dimen172
) (C:\Users\i\AppData\Local\Programs\MiKTeX\tex/latex/tools\bm.sty
Package: bm 2023/07/08 v1.2f Bold Symbol Support (DPC/FMi)
\symboldoperators=\mathgroup4
\symboldletters=\mathgroup5
\symboldsymbols=\mathgroup6
Package bm Info: No bold for \OMX/cmex/m/n, using \pmb.
LaTeX Font Info:    Redeclaring math alphabet \mathbf on input line 149.
) (C:\Users\i\AppData\Local\Programs\MiKTeX\tex/latex/base\textcomp.sty
Package: textcomp 2020/02/02 v2.0n Standard LaTeX package
) (C:\Users\i\AppData\Local\Programs\MiKTeX\tex/latex/colortbl\colortbl.sty
Package: colortbl 2024/02/20 v1.0g Color table columns (DPC)
 (C:\Users\i\AppData\Local\Programs\MiKTeX\tex/latex/tools\array.sty
Package: array 2023/10/16 v2.5g Tabular extension package (FMi)
\col@sep=\dimen173
\ar@mcellbox=\box54
\extrarowheight=\dimen174
\NC@list=\toks23
\extratabsurround=\skip57
\backup@length=\skip58
\ar@cellbox=\box55
) (C:\Users\i\AppData\Local\Programs\MiKTeX\tex/latex/graphics\color.sty
Package: color 2022/01/06 v1.3d Standard LaTeX Color (DPC)
 (C:\Users\i\AppData\Local\Programs\MiKTeX\tex/latex/graphics-cfg\color.cfg
File: color.cfg 2016/01/02 v1.6 sample color configuration
)
Package color Info: Driver file: pdftex.def on input line 149.
 (C:\Users\i\AppData\Local\Programs\MiKTeX\tex/latex/graphics-def\pdftex.def
File: pdftex.def 2022/09/22 v1.2b Graphics/color driver for pdftex
) (C:\Users\i\AppData\Local\Programs\MiKTeX\tex/latex/graphics\mathcolor.ltx))
\everycr=\toks24
\minrowclearance=\skip59
\rownum=\count281
) (C:\Users\i\AppData\Local\Programs\MiKTeX\tex/latex/tools\tabularx.sty
Package: tabularx 2023/07/08 v2.11c `tabularx' package (DPC)
\TX@col@width=\dimen175
\TX@old@table=\dimen176
\TX@old@col=\dimen177
\TX@target=\dimen178
\TX@delta=\dimen179
\TX@cols=\count282
\TX@ftn=\toks25
) (C:\Users\i\AppData\Local\Programs\MiKTeX\tex/latex/siunitx\siunitx.sty
Package: siunitx 2024-05-06 v3.3.17 A comprehensive (SI) units package
\l__siunitx_number_uncert_offset_int=\count283
\l__siunitx_number_exponent_fixed_int=\count284
\l__siunitx_number_min_decimal_int=\count285
\l__siunitx_number_min_integer_int=\count286
\l__siunitx_number_round_precision_int=\count287
\l__siunitx_number_lower_threshold_int=\count288
\l__siunitx_number_upper_threshold_int=\count289
\l__siunitx_number_group_first_int=\count290
\l__siunitx_number_group_size_int=\count291
\l__siunitx_number_group_minimum_int=\count292
\l__siunitx_angle_tmp_dim=\dimen180
\l__siunitx_angle_marker_box=\box56
\l__siunitx_angle_unit_box=\box57
\l__siunitx_compound_count_int=\count293
 (C:\Users\i\AppData\Local\Programs\MiKTeX\tex/latex/translations\translations.sty
Package: translations 2022/02/05 v1.12 internationalization of LaTeX2e packages (CN)
 (C:\Users\i\AppData\Local\Programs\MiKTeX\tex/latex/etoolbox\etoolbox.sty
Package: etoolbox 2020/10/05 v2.5k e-TeX tools for LaTeX (JAW)
\etb@tempcnta=\count294
) (C:\Users\i\AppData\Local\Programs\MiKTeX\tex/generic/pdftexcmds\pdftexcmds.sty
Package: pdftexcmds 2020-06-27 v0.33 Utility functions of pdfTeX for LuaTeX (HO)
 (C:\Users\i\AppData\Local\Programs\MiKTeX\tex/generic/infwarerr\infwarerr.sty
Package: infwarerr 2019/12/03 v1.5 Providing info/warning/error messages (HO)
) (C:\Users\i\AppData\Local\Programs\MiKTeX\tex/generic/iftex\iftex.sty
Package: iftex 2022/02/03 v1.0f TeX engine tests
) (C:\Users\i\AppData\Local\Programs\MiKTeX\tex/generic/ltxcmds\ltxcmds.sty
Package: ltxcmds 2023-12-04 v1.26 LaTeX kernel commands for general use (HO)
)
Package pdftexcmds Info: \pdf@primitive is available.
Package pdftexcmds Info: \pdf@ifprimitive is available.
Package pdftexcmds Info: \pdfdraftmode found.
))
\l__siunitx_table_tmp_box=\box58
\l__siunitx_table_tmp_dim=\dimen181
\l__siunitx_table_column_width_dim=\dimen182
\l__siunitx_table_integer_box=\box59
\l__siunitx_table_decimal_box=\box60
\l__siunitx_table_uncert_box=\box61
\l__siunitx_table_before_box=\box62
\l__siunitx_table_after_box=\box63
\l__siunitx_table_before_dim=\dimen183
\l__siunitx_table_carry_dim=\dimen184
\l__siunitx_unit_tmp_int=\count295
\l__siunitx_unit_position_int=\count296
\l__siunitx_unit_total_int=\count297
) (C:\Users\i\AppData\Local\Programs\MiKTeX\tex/latex/enumitem\enumitem.sty
Package: enumitem 2019/06/20 v3.9 Customized lists
\labelindent=\skip60
\enit@outerparindent=\dimen185
\enit@toks=\toks26
\enit@inbox=\box64
\enit@count@id=\count298
\enitdp@description=\count299
) (C:\Users\i\AppData\Local\Programs\MiKTeX\tex/latex/xcolor\xcolor.sty
Package: xcolor 2023/11/15 v3.01 LaTeX color extensions (UK)
 (C:\Users\i\AppData\Local\Programs\MiKTeX\tex/latex/graphics-cfg\color.cfg
File: color.cfg 2016/01/02 v1.6 sample color configuration
)
Package xcolor Info: Driver file: pdftex.def on input line 274.
LaTeX Info: Redefining \color on input line 758.
 (C:\Users\i\AppData\Local\Programs\MiKTeX\tex/latex/graphics\mathcolor.ltx)
Package xcolor Info: Model `cmy' substituted by `cmy0' on input line 1350.
Package xcolor Info: Model `hsb' substituted by `rgb' on input line 1354.
Package xcolor Info: Model `RGB' extended on input line 1366.
Package xcolor Info: Model `HTML' substituted by `rgb' on input line 1368.
Package xcolor Info: Model `Hsb' substituted by `hsb' on input line 1369.
Package xcolor Info: Model `tHsb' substituted by `hsb' on input line 1370.
Package xcolor Info: Model `HSB' substituted by `hsb' on input line 1371.
Package xcolor Info: Model `Gray' substituted by `gray' on input line 1372.
Package xcolor Info: Model `wave' substituted by `hsb' on input line 1373.
) (C:\Users\i\AppData\Local\Programs\MiKTeX\tex/latex/fancyhdr\fancyhdr.sty
Package: fancyhdr 2024/04/23 v4.2 Extensive control of page headers and footers
\f@nch@headwidth=\skip61
\f@nch@O@elh=\skip62
\f@nch@O@erh=\skip63
\f@nch@O@olh=\skip64
\f@nch@O@orh=\skip65
\f@nch@O@elf=\skip66
\f@nch@O@erf=\skip67
\f@nch@O@olf=\skip68
\f@nch@O@orf=\skip69
) (C:\Users\i\AppData\Local\Programs\MiKTeX\tex/latex/caption\caption.sty
Package: caption 2023/08/05 v3.6o Customizing captions (AR)
 (C:\Users\i\AppData\Local\Programs\MiKTeX\tex/latex/caption\caption3.sty
Package: caption3 2023/07/31 v2.4d caption3 kernel (AR)
\caption@tempdima=\dimen186
\captionmargin=\dimen187
\caption@leftmargin=\dimen188
\caption@rightmargin=\dimen189
\caption@width=\dimen190
\caption@indent=\dimen191
\caption@parindent=\dimen192
\caption@hangindent=\dimen193
Package caption Info: Standard document class detected.
)
\c@caption@flags=\count300
\c@continuedfloat=\count301
) (C:\Users\i\AppData\Local\Programs\MiKTeX\tex/latex/changepage\changepage.sty
Package: changepage 2009/10/20 v1.0c check page and change page layout
\c@cp@cntr=\count302
\cp@tempcnt=\count303
) (C:\Users\i\AppData\Local\Programs\MiKTeX\tex/latex/amsfonts\amssymb.sty
Package: amssymb 2013/01/14 v3.01 AMS font symbols
 (C:\Users\i\AppData\Local\Programs\MiKTeX\tex/latex/amsfonts\amsfonts.sty
Package: amsfonts 2013/01/14 v3.01 Basic AMSFonts support
\symAMSa=\mathgroup7
\symAMSb=\mathgroup8
LaTeX Font Info:    Redeclaring math symbol \hbar on input line 98.
LaTeX Font Info:    Overwriting math alphabet `\mathfrak' in version `bold'
(Font)                  U/euf/m/n --> U/euf/b/n on input line 106.
)) (C:\Users\i\AppData\Local\Programs\MiKTeX\tex/latex/caption\subcaption.sty
Package: subcaption 2023/07/28 v1.6b Sub-captions (AR)
Package caption Info: New subtype `subfigure' on input line 238.
\c@subfigure=\count304
Package caption Info: New subtype `subtable' on input line 238.
\c@subtable=\count305
) (C:\Users\i\AppData\Local\Programs\MiKTeX\tex/latex/graphics\graphicx.sty
Package: graphicx 2021/09/16 v1.2d Enhanced LaTeX Graphics (DPC,SPQR)
 (C:\Users\i\AppData\Local\Programs\MiKTeX\tex/latex/graphics\graphics.sty
Package: graphics 2022/03/10 v1.4e Standard LaTeX Graphics (DPC,SPQR)
 (C:\Users\i\AppData\Local\Programs\MiKTeX\tex/latex/graphics\trig.sty
Package: trig 2021/08/11 v1.11 sin cos tan (DPC)
) (C:\Users\i\AppData\Local\Programs\MiKTeX\tex/latex/graphics-cfg\graphics.cfg
File: graphics.cfg 2016/06/04 v1.11 sample graphics configuration
)
Package graphics Info: Driver file: pdftex.def on input line 107.
)
\Gin@req@height=\dimen194
\Gin@req@width=\dimen195
) (C:\Users\i\AppData\Local\Programs\MiKTeX\tex/latex/cite\cite.sty
LaTeX Info: Redefining \cite on input line 302.
LaTeX Info: Redefining \nocite on input line 332.
Package: cite 2015/02/27  v 5.5
) (C:\Users\i\AppData\Local\Programs\MiKTeX\tex/latex/hyperref\hyperref.sty
Package: hyperref 2023-11-26 v7.01g Hypertext links for LaTeX
 (C:\Users\i\AppData\Local\Programs\MiKTeX\tex/latex/kvsetkeys\kvsetkeys.sty
Package: kvsetkeys 2022-10-05 v1.19 Key value parser (HO)
) (C:\Users\i\AppData\Local\Programs\MiKTeX\tex/generic/kvdefinekeys\kvdefinekeys.sty
Package: kvdefinekeys 2019-12-19 v1.6 Define keys (HO)
) (C:\Users\i\AppData\Local\Programs\MiKTeX\tex/generic/pdfescape\pdfescape.sty
Package: pdfescape 2019/12/09 v1.15 Implements pdfTeX's escape features (HO)
) (C:\Users\i\AppData\Local\Programs\MiKTeX\tex/latex/hycolor\hycolor.sty
Package: hycolor 2020-01-27 v1.10 Color options for hyperref/bookmark (HO)
) (C:\Users\i\AppData\Local\Programs\MiKTeX\tex/latex/letltxmacro\letltxmacro.sty
Package: letltxmacro 2019/12/03 v1.6 Let assignment for LaTeX macros (HO)
) (C:\Users\i\AppData\Local\Programs\MiKTeX\tex/latex/auxhook\auxhook.sty
Package: auxhook 2019-12-17 v1.6 Hooks for auxiliary files (HO)
) (C:\Users\i\AppData\Local\Programs\MiKTeX\tex/latex/hyperref\nameref.sty
Package: nameref 2023-11-26 v2.56 Cross-referencing by name of section
 (C:\Users\i\AppData\Local\Programs\MiKTeX\tex/latex/refcount\refcount.sty
Package: refcount 2019/12/15 v3.6 Data extraction from label references (HO)
) (C:\Users\i\AppData\Local\Programs\MiKTeX\tex/generic/gettitlestring\gettitlestring.sty
Package: gettitlestring 2019/12/15 v1.6 Cleanup title references (HO)
 (C:\Users\i\AppData\Local\Programs\MiKTeX\tex/latex/kvoptions\kvoptions.sty
Package: kvoptions 2022-06-15 v3.15 Key value format for package options (HO)
))
\c@section@level=\count306
)
\@linkdim=\dimen196
\Hy@linkcounter=\count307
\Hy@pagecounter=\count308
 (C:\Users\i\AppData\Local\Programs\MiKTeX\tex/latex/hyperref\pd1enc.def
File: pd1enc.def 2023-11-26 v7.01g Hyperref: PDFDocEncoding definition (HO)
Now handling font encoding PD1 ...
... no UTF-8 mapping file for font encoding PD1
) (C:\Users\i\AppData\Local\Programs\MiKTeX\tex/generic/intcalc\intcalc.sty
Package: intcalc 2019/12/15 v1.3 Expandable calculations with integers (HO)
)
\Hy@SavedSpaceFactor=\count309
 (C:\Users\i\AppData\Local\Programs\MiKTeX\tex/latex/hyperref\puenc.def
File: puenc.def 2023-11-26 v7.01g Hyperref: PDF Unicode definition (HO)
Now handling font encoding PU ...
... no UTF-8 mapping file for font encoding PU
)
Package hyperref Info: Hyper figures OFF on input line 4181.
Package hyperref Info: Link nesting OFF on input line 4186.
Package hyperref Info: Hyper index ON on input line 4189.
Package hyperref Info: Plain pages OFF on input line 4196.
Package hyperref Info: Backreferencing OFF on input line 4201.
Package hyperref Info: Implicit mode ON; LaTeX internals redefined.
Package hyperref Info: Bookmarks ON on input line 4448.
\c@Hy@tempcnt=\count310
 (C:\Users\i\AppData\Local\Programs\MiKTeX\tex/latex/url\url.sty
\Urlmuskip=\muskip17
Package: url 2013/09/16  ver 3.4  Verb mode for urls, etc.
)
LaTeX Info: Redefining \url on input line 4786.
\XeTeXLinkMargin=\dimen197
 (C:\Users\i\AppData\Local\Programs\MiKTeX\tex/generic/bitset\bitset.sty
Package: bitset 2019/12/09 v1.3 Handle bit-vector datatype (HO)
 (C:\Users\i\AppData\Local\Programs\MiKTeX\tex/generic/bigintcalc\bigintcalc.sty
Package: bigintcalc 2019/12/15 v1.5 Expandable calculations on big integers (HO)
))
\Fld@menulength=\count311
\Field@Width=\dimen198
\Fld@charsize=\dimen199
Package hyperref Info: Hyper figures OFF on input line 6065.
Package hyperref Info: Link nesting OFF on input line 6070.
Package hyperref Info: Hyper index ON on input line 6073.
Package hyperref Info: backreferencing OFF on input line 6080.
Package hyperref Info: Link coloring OFF on input line 6085.
Package hyperref Info: Link coloring with OCG OFF on input line 6090.
Package hyperref Info: PDF/A mode OFF on input line 6095.
 (C:\Users\i\AppData\Local\Programs\MiKTeX\tex/latex/base\atbegshi-ltx.sty
Package: atbegshi-ltx 2021/01/10 v1.0c Emulation of the original atbegshi
package with kernel methods
)
\Hy@abspage=\count312
\c@Item=\count313
\c@Hfootnote=\count314
)
Package hyperref Info: Driver (autodetected): hpdftex.
 (C:\Users\i\AppData\Local\Programs\MiKTeX\tex/latex/hyperref\hpdftex.def
File: hpdftex.def 2023-11-26 v7.01g Hyperref driver for pdfTeX
 (C:\Users\i\AppData\Local\Programs\MiKTeX\tex/latex/base\atveryend-ltx.sty
Package: atveryend-ltx 2020/08/19 v1.0a Emulation of the original atveryend package
with kernel methods
)
\Fld@listcount=\count315
\c@bookmark@seq@number=\count316
 (C:\Users\i\AppData\Local\Programs\MiKTeX\tex/latex/rerunfilecheck\rerunfilecheck.sty
Package: rerunfilecheck 2022-07-10 v1.10 Rerun checks for auxiliary files (HO)
 (C:\Users\i\AppData\Local\Programs\MiKTeX\tex/generic/uniquecounter\uniquecounter.sty
Package: uniquecounter 2019/12/15 v1.4 Provide unlimited unique counter (HO)
)
Package uniquecounter Info: New unique counter `rerunfilecheck' on input line 285.
)
\Hy@SectionHShift=\skip70
) (C:\Users\i\AppData\Local\Programs\MiKTeX\tex/latex/blindtext\blindtext.sty
Package: blindtext 2012/01/06 V2.0 blindtext-Package
 (C:\Users\i\AppData\Local\Programs\MiKTeX\tex/latex/tools\xspace.sty
Package: xspace 2014/10/28 v1.13 Space after command names (DPC,MH)
)
\c@blindtext=\count317
\c@Blindtext=\count318
\c@blind@countparstart=\count319
\blind@countxx=\count320
\blindtext@numBlindtext=\count321
\blind@countyy=\count322
\c@blindlist=\count323
\c@blindlistlevel=\count324
\c@blindlist@level=\count325
\blind@listitem=\count326
\c@blind@listcount=\count327
\c@blind@levelcount=\count328
\blind@mathformula=\count329
\blind@Mathformula=\count330
\c@blind@randomcount=\count331
\c@blind@randommax=\count332
\c@blind@pangramcount=\count333
\c@blind@pangrammax=\count334
) (C:\Users\i\AppData\Local\Programs\MiKTeX\tex/latex/geometry\geometry.sty
Package: geometry 2020/01/02 v5.9 Page Geometry
 (C:\Users\i\AppData\Local\Programs\MiKTeX\tex/generic/iftex\ifvtex.sty
Package: ifvtex 2019/10/25 v1.7 ifvtex legacy package. Use iftex instead.
)
\Gm@cnth=\count335
\Gm@cntv=\count336
\c@Gm@tempcnt=\count337
\Gm@bindingoffset=\dimen256
\Gm@wd@mp=\dimen257
\Gm@odd@mp=\dimen258
\Gm@even@mp=\dimen259
\Gm@layoutwidth=\dimen260
\Gm@layoutheight=\dimen261
\Gm@layouthoffset=\dimen262
\Gm@layoutvoffset=\dimen263
\Gm@dimlist=\toks27
 (C:\Users\i\AppData\Local\Programs\MiKTeX\tex/latex/geometry\geometry.cfg))
Package hyperref Info: Option `colorlinks' set `false' on input line 36.
Package translations Info: No language package found. I am going to use `english' as default language. on input line 54.
 (C:\Users\i\AppData\Local\Programs\MiKTeX\tex/latex/l3backend\l3backend-pdftex.def
File: l3backend-pdftex.def 2024-01-04 L3 backend support: PDF output (pdfTeX)
\l__color_backend_stack_int=\count338
\l__pdf_internal_box=\box65
) (relazione.aux)
\openout1 = `relazione.aux'.

LaTeX Font Info:    Checking defaults for OML/cmm/m/it on input line 54.
LaTeX Font Info:    ... okay on input line 54.
LaTeX Font Info:    Checking defaults for OMS/cmsy/m/n on input line 54.
LaTeX Font Info:    ... okay on input line 54.
LaTeX Font Info:    Checking defaults for OT1/cmr/m/n on input line 54.
LaTeX Font Info:    ... okay on input line 54.
LaTeX Font Info:    Checking defaults for T1/cmr/m/n on input line 54.
LaTeX Font Info:    ... okay on input line 54.
LaTeX Font Info:    Checking defaults for TS1/cmr/m/n on input line 54.
LaTeX Font Info:    ... okay on input line 54.
LaTeX Font Info:    Checking defaults for OMX/cmex/m/n on input line 54.
LaTeX Font Info:    ... okay on input line 54.
LaTeX Font Info:    Checking defaults for U/cmr/m/n on input line 54.
LaTeX Font Info:    ... okay on input line 54.
LaTeX Font Info:    Checking defaults for PD1/pdf/m/n on input line 54.
LaTeX Font Info:    ... okay on input line 54.
LaTeX Font Info:    Checking defaults for PU/pdf/m/n on input line 54.
LaTeX Font Info:    ... okay on input line 54.
 (C:\Users\i\AppData\Local\Programs\MiKTeX\tex/context/base/mkii\supp-pdf.mkii
[Loading MPS to PDF converter (version 2006.09.02).]
\scratchcounter=\count339
\scratchdimen=\dimen264
\scratchbox=\box66
\nofMPsegments=\count340
\nofMParguments=\count341
\everyMPshowfont=\toks28
\MPscratchCnt=\count342
\MPscratchDim=\dimen265
\MPnumerator=\count343
\makeMPintoPDFobject=\count344
\everyMPtoPDFconversion=\toks29
) (C:\Users\i\AppData\Local\Programs\MiKTeX\tex/latex/epstopdf-pkg\epstopdf-base.sty
Package: epstopdf-base 2020-01-24 v2.11 Base part for package epstopdf
Package epstopdf-base Info: Redefining graphics rule for `.eps' on input line 485.
 (C:\Users\i\AppData\Local\Programs\MiKTeX\tex/latex/00miktex\epstopdf-sys.cfg
File: epstopdf-sys.cfg 2021/03/18 v2.0 Configuration of epstopdf for MiKTeX
)) (C:\Users\i\AppData\Local\Programs\MiKTeX\tex/latex/translations/dicts\translations-basic-dictionary-english.trsl
File: translations-basic-dictionary-english.trsl (english translation file `translations-basic-dictionary')
)
Package translations Info: loading dictionary `translations-basic-dictionary' for `english'. on input line 54.
Package caption Info: Begin \AtBeginDocument code.
Package caption Info: changepage package is loaded.
\caption@adjustwidth@hsize=\dimen266
\caption@adjustwidth@linewidth=\dimen267
Package caption Info: hyperref package is loaded.
Package caption Info: End \AtBeginDocument code.
Package hyperref Info: Link coloring OFF on input line 54.
 (relazione.out) (relazione.out)
\@outlinefile=\write3
\openout3 = `relazione.out'.


*geometry* driver: auto-detecting
*geometry* detected driver: pdftex
*geometry* verbose mode - [ preamble ] result:
* driver: pdftex
* paper: a4paper
* layout: <same size as paper>
* layoutoffset:(h,v)=(0.0pt,0.0pt)
* modes: 
* h-part:(L,W,R)=(42.67912pt, 512.14963pt, 42.67912pt)
* v-part:(T,H,B)=(1.42271pt, 729.81311pt, 113.81102pt)
* \paperwidth=597.50787pt
* \paperheight=845.04684pt
* \textwidth=512.14963pt
* \textheight=729.81311pt
* \oddsidemargin=-29.59087pt
* \evensidemargin=-29.59087pt
* \topmargin=-161.44627pt
* \headheight=126.23375pt
* \headsep=25.0pt
* \topskip=12.0pt
* \footskip=30.0pt
* \marginparwidth=44.0pt
* \marginparsep=10.0pt
* \columnsep=10.0pt
* \skip\footins=10.8pt plus 4.0pt minus 2.0pt
* \hoffset=0.0pt
* \voffset=0.0pt
* \mag=1000
* \@twocolumnfalse
* \@twosidefalse
* \@mparswitchfalse
* \@reversemarginfalse
* (1in=72.27pt=25.4mm, 1cm=28.453pt)

LaTeX Font Info:    Trying to load font information for U+msa on input line 62.
(C:\Users\i\AppData\Local\Programs\MiKTeX\tex/latex/amsfonts\umsa.fd
File: umsa.fd 2013/01/14 v3.01 AMS symbols A
)
LaTeX Font Info:    Trying to load font information for U+msb on input line 62.
 (C:\Users\i\AppData\Local\Programs\MiKTeX\tex/latex/amsfonts\umsb.fd
File: umsb.fd 2013/01/14 v3.01 AMS symbols B
)
Underfull \hbox (badness 10000) in paragraph at lines 66--70

 []

(relazione.toc
<immagini/logo_bicocca.png, id=409, 501.875pt x 401.5pt>
File: immagini/logo_bicocca.png Graphic file (type png)
<use immagini/logo_bicocca.png>
Package pdftex.def Info: immagini/logo_bicocca.png  used on input line 54.
(pdftex.def)             Requested size: 85.35826pt x 68.28471pt.


Package fancyhdr Warning: \headheight is too small (126.23375pt): 
(fancyhdr)                Make it at least 194.51846pt, for example:
(fancyhdr)                \setlength{\headheight}{194.51846pt}.
(fancyhdr)                You might also make \topmargin smaller to compensate:
(fancyhdr)                \addtolength{\topmargin}{-68.28471pt}.

[1

{C:/Users/i/AppData/Local/MiKTeX/fonts/map/pdftex/pdftex.map} <./immagini/logo_bicocca.png>] [2])
\tf@toc=\write4
\openout4 = `relazione.toc'.

 [3]
<immagini/1011.pdf, id=498, 803.0pt x 602.25pt>
File: immagini/1011.pdf Graphic file (type pdf)
<use immagini/1011.pdf>
Package pdftex.def Info: immagini/1011.pdf  used on input line 97.
(pdftex.def)             Requested size: 409.72125pt x 307.29965pt.
 [4 <./immagini/1011.pdf>]
<immagini/1211.pdf, id=515, 602.25pt x 401.5pt>
File: immagini/1211.pdf Graphic file (type pdf)
<use immagini/1211.pdf>
Package pdftex.def Info: immagini/1211.pdf  used on input line 148.
(pdftex.def)             Requested size: 200.76566pt x 133.8432pt.
<immagini/1212.pdf, id=516, 602.25pt x 401.5pt>
File: immagini/1212.pdf Graphic file (type pdf)
<use immagini/1212.pdf>
Package pdftex.def Info: immagini/1212.pdf  used on input line 155.
(pdftex.def)             Requested size: 200.76566pt x 133.8432pt.
 [5 <./immagini/1211.pdf> <./immagini/1212.pdf>] [6] [7] [8]
<immagini/1421.pdf, id=591, 602.25pt x 401.5pt>
File: immagini/1421.pdf Graphic file (type pdf)
<use immagini/1421.pdf>
Package pdftex.def Info: immagini/1421.pdf  used on input line 384.
(pdftex.def)             Requested size: 358.50317pt x 239.00879pt.
<immagini/1422.pdf, id=595, 602.25pt x 401.5pt>
File: immagini/1422.pdf Graphic file (type pdf)
<use immagini/1422.pdf>
Package pdftex.def Info: immagini/1422.pdf  used on input line 395.
(pdftex.def)             Requested size: 200.76566pt x 133.8432pt.
<immagini/1423.pdf, id=596, 602.25pt x 401.5pt>
File: immagini/1423.pdf Graphic file (type pdf)
<use immagini/1423.pdf>
Package pdftex.def Info: immagini/1423.pdf  used on input line 402.
(pdftex.def)             Requested size: 200.76566pt x 133.8432pt.
 [9 <./immagini/1421.pdf> <./immagini/1422.pdf> <./immagini/1423.pdf>]
<immagini/1424.pdf, id=614, 602.25pt x 401.5pt>
File: immagini/1424.pdf Graphic file (type pdf)
<use immagini/1424.pdf>
Package pdftex.def Info: immagini/1424.pdf  used on input line 436.
(pdftex.def)             Requested size: 358.50317pt x 239.00879pt.
<immagini/1425.pdf, id=617, 602.25pt x 401.5pt>
File: immagini/1425.pdf Graphic file (type pdf)
<use immagini/1425.pdf>
Package pdftex.def Info: immagini/1425.pdf  used on input line 454.
(pdftex.def)             Requested size: 358.50317pt x 239.00879pt.
 [10 <./immagini/1424.pdf>] [11 <./immagini/1425.pdf>]
Underfull \hbox (badness 10000) in paragraph at lines 544--546

 []

[12] [13]
Underfull \hbox (badness 10000) in paragraph at lines 868--871

 []

[14] [15]
Underfull \hbox (badness 10000) in paragraph at lines 1038--1040

 []

[16]
<immagini/2621.pdf, id=684, 602.25pt x 401.5pt>
File: immagini/2621.pdf Graphic file (type pdf)
<use immagini/2621.pdf>
Package pdftex.def Info: immagini/2621.pdf  used on input line 1093.
(pdftex.def)             Requested size: 358.50317pt x 239.00879pt.
 [17]
<immagini/2631.pdf, id=697, 602.25pt x 401.5pt>
File: immagini/2631.pdf Graphic file (type pdf)
<use immagini/2631.pdf>
Package pdftex.def Info: immagini/2631.pdf  used on input line 1163.
(pdftex.def)             Requested size: 358.50317pt x 239.00879pt.

Underfull \hbox (badness 10000) in paragraph at lines 1169--1181

 []

[18 <./immagini/2621.pdf>] [19 <./immagini/2631.pdf>]
<immagini/3221.pdf, id=721, 602.25pt x 401.5pt>
File: immagini/3221.pdf Graphic file (type pdf)
<use immagini/3221.pdf>
Package pdftex.def Info: immagini/3221.pdf  used on input line 1214.
(pdftex.def)             Requested size: 358.50317pt x 239.00879pt.
 [20 <./immagini/3221.pdf>]
<immagini/3222.pdf, id=735, 803.0pt x 501.875pt>
File: immagini/3222.pdf Graphic file (type pdf)
<use immagini/3222.pdf>
Package pdftex.def Info: immagini/3222.pdf  used on input line 1254.
(pdftex.def)             Requested size: 221.24672pt x 138.28024pt.
<immagini/3223.pdf, id=736, 602.25pt x 401.5pt>
File: immagini/3223.pdf Graphic file (type pdf)
<use immagini/3223.pdf>
Package pdftex.def Info: immagini/3223.pdf  used on input line 1260.
(pdftex.def)             Requested size: 221.24672pt x 147.49893pt.

Overfull \hbox (43.57617pt too wide) in paragraph at lines 1252--1264
[][] [] 
 []

[21 <./immagini/3222.pdf> <./immagini/3223.pdf>]
<immagini/3321.pdf, id=757, 602.25pt x 401.5pt>
File: immagini/3321.pdf Graphic file (type pdf)
<use immagini/3321.pdf>
Package pdftex.def Info: immagini/3321.pdf  used on input line 1336.
(pdftex.def)             Requested size: 158.76512pt x 105.84561pt.
<immagini/3322.pdf, id=758, 602.25pt x 401.5pt>
File: immagini/3322.pdf Graphic file (type pdf)
<use immagini/3322.pdf>
Package pdftex.def Info: immagini/3322.pdf  used on input line 1341.
(pdftex.def)             Requested size: 158.76512pt x 105.84561pt.
<immagini/3323.pdf, id=759, 602.25pt x 401.5pt>
File: immagini/3323.pdf Graphic file (type pdf)
<use immagini/3323.pdf>
Package pdftex.def Info: immagini/3323.pdf  used on input line 1346.
(pdftex.def)             Requested size: 158.76512pt x 105.84561pt.
 [22 <./immagini/3321.pdf> <./immagini/3322.pdf> <./immagini/3323.pdf>]
<immagini/3321_q.pdf, id=777, 602.25pt x 401.5pt>
File: immagini/3321_q.pdf Graphic file (type pdf)
<use immagini/3321_q.pdf>
Package pdftex.def Info: immagini/3321_q.pdf  used on input line 1373.
(pdftex.def)             Requested size: 240.71094pt x 160.47462pt.
<immagini/3321_C.pdf, id=778, 602.25pt x 401.5pt>
File: immagini/3321_C.pdf Graphic file (type pdf)
<use immagini/3321_C.pdf>
Package pdftex.def Info: immagini/3321_C.pdf  used on input line 1377.
(pdftex.def)             Requested size: 240.71094pt x 160.47462pt.
<immagini/3322_q1.pdf, id=780, 602.25pt x 401.5pt>
File: immagini/3322_q1.pdf Graphic file (type pdf)
<use immagini/3322_q1.pdf>
Package pdftex.def Info: immagini/3322_q1.pdf  used on input line 1413.
(pdftex.def)             Requested size: 240.71094pt x 160.47462pt.
<immagini/3322_C1.pdf, id=781, 602.25pt x 401.5pt>
File: immagini/3322_C1.pdf Graphic file (type pdf)
<use immagini/3322_C1.pdf>
Package pdftex.def Info: immagini/3322_C1.pdf  used on input line 1417.
(pdftex.def)             Requested size: 240.71094pt x 160.47462pt.

Overfull \hbox (28.79327pt too wide) in paragraph at lines 1430--1435
\OT1/cmr/m/n/12 grafico cor-rispon-dente pu^^Ro es-sere trovato nella cartella git [][]\OT1/cmtt/m/n/12 lab_computazionale1\esercizi\3_3_2.ipynb[]\OT1/cmr/m/n/12 ,
 []

<immagini/3322_q2.pdf, id=783, 602.25pt x 401.5pt>
File: immagini/3322_q2.pdf Graphic file (type pdf)
<use immagini/3322_q2.pdf>
Package pdftex.def Info: immagini/3322_q2.pdf  used on input line 1442.
(pdftex.def)             Requested size: 240.71094pt x 160.47462pt.
<immagini/3322_C2.pdf, id=784, 602.25pt x 401.5pt>
File: immagini/3322_C2.pdf Graphic file (type pdf)
<use immagini/3322_C2.pdf>
Package pdftex.def Info: immagini/3322_C2.pdf  used on input line 1446.
(pdftex.def)             Requested size: 240.71094pt x 160.47462pt.
[23 <./immagini/3321_q.pdf> <./immagini/3321_C.pdf>]
Underfull \hbox (badness 10000) in paragraph at lines 1460--1466

 []

<immagini/3323_q.pdf, id=799, 602.25pt x 401.5pt>
File: immagini/3323_q.pdf Graphic file (type pdf)
<use immagini/3323_q.pdf>
Package pdftex.def Info: immagini/3323_q.pdf  used on input line 1473.
(pdftex.def)             Requested size: 245.83525pt x 163.89314pt.
<immagini/3323_C1.pdf, id=800, 602.25pt x 401.5pt>
File: immagini/3323_C1.pdf Graphic file (type pdf)
<use immagini/3323_C1.pdf>
Package pdftex.def Info: immagini/3323_C1.pdf  used on input line 1480.
(pdftex.def)             Requested size: 240.71094pt x 160.47462pt.
<immagini/3323_C2.pdf, id=801, 602.25pt x 401.5pt>
File: immagini/3323_C2.pdf Graphic file (type pdf)
<use immagini/3323_C2.pdf>
Package pdftex.def Info: immagini/3323_C2.pdf  used on input line 1486.
(pdftex.def)             Requested size: 240.71094pt x 160.47462pt.
[24 <./immagini/3322_q1.pdf> <./immagini/3322_C1.pdf> <./immagini/3322_q2.pdf> <./immagini/3322_C2.pdf>] [25 <./immagini/3323_q.pdf> <./immagini/3323_C1.pdf> <./immagini/3323_C2.pdf>]
<immagini/3331.pdf, id=824, 602.25pt x 401.5pt>
File: immagini/3331.pdf Graphic file (type pdf)
<use immagini/3331.pdf>
Package pdftex.def Info: immagini/3331.pdf  used on input line 1535.
(pdftex.def)             Requested size: 358.50317pt x 239.00879pt.

Underfull \hbox (badness 10000) in paragraph at lines 1560--1567

 []

[26 <./immagini/3331.pdf>]
<immagini/3341.pdf, id=839, 602.25pt x 401.5pt>
File: immagini/3341.pdf Graphic file (type pdf)
<use immagini/3341.pdf>
Package pdftex.def Info: immagini/3341.pdf  used on input line 1603.
(pdftex.def)             Requested size: 240.71094pt x 160.47462pt.
<immagini/3342.pdf, id=840, 602.25pt x 401.5pt>
File: immagini/3342.pdf Graphic file (type pdf)
<use immagini/3342.pdf>
Package pdftex.def Info: immagini/3342.pdf  used on input line 1609.
(pdftex.def)             Requested size: 240.71094pt x 160.47462pt.
 [27 <./immagini/3341.pdf> <./immagini/3342.pdf>]
<immagini/3421.pdf, id=858, 602.25pt x 401.5pt>
File: immagini/3421.pdf Graphic file (type pdf)
<use immagini/3421.pdf>
Package pdftex.def Info: immagini/3421.pdf  used on input line 1676.
(pdftex.def)             Requested size: 163.89162pt x 109.25801pt.
<immagini/3422.pdf, id=859, 602.25pt x 401.5pt>
File: immagini/3422.pdf Graphic file (type pdf)
<use immagini/3422.pdf>
Package pdftex.def Info: immagini/3422.pdf  used on input line 1682.
(pdftex.def)             Requested size: 163.89162pt x 109.25801pt.
<immagini/3423.pdf, id=860, 602.25pt x 401.5pt>
File: immagini/3423.pdf Graphic file (type pdf)
<use immagini/3423.pdf>
Package pdftex.def Info: immagini/3423.pdf  used on input line 1688.
(pdftex.def)             Requested size: 163.89162pt x 109.25801pt.
 [28]
<immagini/3431.pdf, id=882, 602.25pt x 401.5pt>
File: immagini/3431.pdf Graphic file (type pdf)
<use immagini/3431.pdf>
Package pdftex.def Info: immagini/3431.pdf  used on input line 1718.
(pdftex.def)             Requested size: 358.50317pt x 239.00879pt.
 [29 <./immagini/3421.pdf> <./immagini/3422.pdf> <./immagini/3423.pdf> <./immagini/3431.pdf>]
<immagini/4221.pdf, id=895, 602.25pt x 401.5pt>
File: immagini/4221.pdf Graphic file (type pdf)
<use immagini/4221.pdf>
Package pdftex.def Info: immagini/4221.pdf  used on input line 1769.
(pdftex.def)             Requested size: 358.50317pt x 239.00879pt.
 [30]
Underfull \hbox (badness 10000) in paragraph at lines 1793--1802

 []

<immagini/4421.pdf, id=911, 602.25pt x 401.5pt>
File: immagini/4421.pdf Graphic file (type pdf)
<use immagini/4421.pdf>
Package pdftex.def Info: immagini/4421.pdf  used on input line 1818.
(pdftex.def)             Requested size: 230.46576pt x 153.64369pt.
<immagini/4422.pdf, id=912, 602.25pt x 401.5pt>
File: immagini/4422.pdf Graphic file (type pdf)
<use immagini/4422.pdf>
Package pdftex.def Info: immagini/4422.pdf  used on input line 1823.
(pdftex.def)             Requested size: 230.46576pt x 153.64369pt.

Overfull \hbox (2.61108pt too wide) in paragraph at lines 1816--1826
[][] [] 
 []

[31 <./immagini/4221.pdf>]
Underfull \hbox (badness 10000) in paragraph at lines 1848--1855

 []

<immagini/4431.pdf, id=930, 602.25pt x 401.5pt>
File: immagini/4431.pdf Graphic file (type pdf)
<use immagini/4431.pdf>
Package pdftex.def Info: immagini/4431.pdf  used on input line 1874.
(pdftex.def)             Requested size: 358.50317pt x 239.00879pt.
[32 <./immagini/4421.pdf> <./immagini/4422.pdf>]
<immagini/4441.pdf, id=943, 602.25pt x 401.5pt>
File: immagini/4441.pdf Graphic file (type pdf)
<use immagini/4441.pdf>
Package pdftex.def Info: immagini/4441.pdf  used on input line 1913.
(pdftex.def)             Requested size: 358.50317pt x 239.00879pt.
 [33 <./immagini/4431.pdf>]
<immagini/4611.pdf, id=955, 602.25pt x 401.5pt>
File: immagini/4611.pdf Graphic file (type pdf)
<use immagini/4611.pdf>
Package pdftex.def Info: immagini/4611.pdf  used on input line 1942.
(pdftex.def)             Requested size: 204.85672pt x 136.56944pt.
<immagini/4612.pdf, id=956, 602.25pt x 401.5pt>
File: immagini/4612.pdf Graphic file (type pdf)
<use immagini/4612.pdf>
Package pdftex.def Info: immagini/4612.pdf  used on input line 1946.
(pdftex.def)             Requested size: 204.85672pt x 136.56944pt.
<immagini/4613.pdf, id=957, 602.25pt x 401.5pt>
File: immagini/4613.pdf Graphic file (type pdf)
<use immagini/4613.pdf>
Package pdftex.def Info: immagini/4613.pdf  used on input line 1954.
(pdftex.def)             Requested size: 204.85672pt x 136.56944pt.
<immagini/4614.pdf, id=958, 602.25pt x 401.5pt>
File: immagini/4614.pdf Graphic file (type pdf)
<use immagini/4614.pdf>
Package pdftex.def Info: immagini/4614.pdf  used on input line 1958.
(pdftex.def)             Requested size: 204.85672pt x 136.56944pt.
<immagini/4615.pdf, id=959, 602.25pt x 401.5pt>
File: immagini/4615.pdf Graphic file (type pdf)
<use immagini/4615.pdf>
Package pdftex.def Info: immagini/4615.pdf  used on input line 1966.
(pdftex.def)             Requested size: 204.85672pt x 136.56944pt.
<immagini/4616.pdf, id=960, 602.25pt x 401.5pt>
File: immagini/4616.pdf Graphic file (type pdf)
<use immagini/4616.pdf>
Package pdftex.def Info: immagini/4616.pdf  used on input line 1970.
(pdftex.def)             Requested size: 204.85672pt x 136.56944pt.
<immagini/4617.pdf, id=961, 602.25pt x 401.5pt>
File: immagini/4617.pdf Graphic file (type pdf)
<use immagini/4617.pdf>
Package pdftex.def Info: immagini/4617.pdf  used on input line 1973.
(pdftex.def)             Requested size: 204.85672pt x 136.56944pt.
 [34 <./immagini/4441.pdf>] [35 <./immagini/4611.pdf> <./immagini/4612.pdf> <./immagini/4613.pdf> <./immagini/4614.pdf> <./immagini/4615.pdf> <./immagini/4616.pdf> <./immagini/4617.pdf>]
Underfull \hbox (badness 10000) in paragraph at lines 2002--2004

 []


Overfull \hbox (7.09499pt too wide) in paragraph at lines 2009--2010
[]\OT1/cmr/m/n/12 Per cias-cuno dei seguenti in-te-grali, uti-lizza la re-gola del trapezio per sti-mare il val-ore dell'integrale
 []

[36]
<immagini/5121.pdf, id=1000, 602.25pt x 401.5pt>
File: immagini/5121.pdf Graphic file (type pdf)
<use immagini/5121.pdf>
Package pdftex.def Info: immagini/5121.pdf  used on input line 2039.
(pdftex.def)             Requested size: 240.71094pt x 160.47462pt.
<immagini/5121_2.pdf, id=1001, 602.25pt x 401.5pt>
File: immagini/5121_2.pdf Graphic file (type pdf)
<use immagini/5121_2.pdf>
Package pdftex.def Info: immagini/5121_2.pdf  used on input line 2043.
(pdftex.def)             Requested size: 240.71094pt x 160.47462pt.
<immagini/5122.pdf, id=1002, 602.25pt x 401.5pt>
File: immagini/5122.pdf Graphic file (type pdf)
<use immagini/5122.pdf>
Package pdftex.def Info: immagini/5122.pdf  used on input line 2051.
(pdftex.def)             Requested size: 240.71094pt x 160.47462pt.
<immagini/5122_2.pdf, id=1003, 602.25pt x 401.5pt>
File: immagini/5122_2.pdf Graphic file (type pdf)
<use immagini/5122_2.pdf>
Package pdftex.def Info: immagini/5122_2.pdf  used on input line 2055.
(pdftex.def)             Requested size: 240.71094pt x 160.47462pt.
<immagini/5123.pdf, id=1004, 602.25pt x 401.5pt>
File: immagini/5123.pdf Graphic file (type pdf)
<use immagini/5123.pdf>
Package pdftex.def Info: immagini/5123.pdf  used on input line 2063.
(pdftex.def)             Requested size: 240.71094pt x 160.47462pt.
<immagini/5123_2.pdf, id=1005, 602.25pt x 401.5pt>
File: immagini/5123_2.pdf Graphic file (type pdf)
<use immagini/5123_2.pdf>
Package pdftex.def Info: immagini/5123_2.pdf  used on input line 2067.
(pdftex.def)             Requested size: 240.71094pt x 160.47462pt.
<immagini/5124.pdf, id=1006, 602.25pt x 401.5pt>
File: immagini/5124.pdf Graphic file (type pdf)
<use immagini/5124.pdf>
Package pdftex.def Info: immagini/5124.pdf  used on input line 2075.
(pdftex.def)             Requested size: 240.71094pt x 160.47462pt.
<immagini/5124_2.pdf, id=1007, 602.25pt x 401.5pt>
File: immagini/5124_2.pdf Graphic file (type pdf)
<use immagini/5124_2.pdf>
Package pdftex.def Info: immagini/5124_2.pdf  used on input line 2079.
(pdftex.def)             Requested size: 240.71094pt x 160.47462pt.
<immagini/5125.pdf, id=1008, 602.25pt x 401.5pt>
File: immagini/5125.pdf Graphic file (type pdf)
<use immagini/5125.pdf>
Package pdftex.def Info: immagini/5125.pdf  used on input line 2087.
(pdftex.def)             Requested size: 240.71094pt x 160.47462pt.
<immagini/5125_2.pdf, id=1009, 602.25pt x 401.5pt>
File: immagini/5125_2.pdf Graphic file (type pdf)
<use immagini/5125_2.pdf>
Package pdftex.def Info: immagini/5125_2.pdf  used on input line 2091.
(pdftex.def)             Requested size: 240.71094pt x 160.47462pt.
<immagini/5126.pdf, id=1010, 602.25pt x 401.5pt>
File: immagini/5126.pdf Graphic file (type pdf)
<use immagini/5126.pdf>
Package pdftex.def Info: immagini/5126.pdf  used on input line 2099.
(pdftex.def)             Requested size: 240.71094pt x 160.47462pt.
<immagini/5126_2.pdf, id=1011, 602.25pt x 401.5pt>
File: immagini/5126_2.pdf Graphic file (type pdf)
<use immagini/5126_2.pdf>
Package pdftex.def Info: immagini/5126_2.pdf  used on input line 2103.
(pdftex.def)             Requested size: 240.71094pt x 160.47462pt.
 [37 <./immagini/5121.pdf> <./immagini/5121_2.pdf> <./immagini/5122.pdf> <./immagini/5122_2.pdf> <./immagini/5123.pdf> <./immagini/5123_2.pdf>] [38 <./immagini/5124.pdf> <./immagini/5124_2.pdf> <./immagini/5125.pdf> <./immagini/5125_2.pdf> <./immagini/5126.pdf> <./immagini/5126_2.pdf>]
Underfull \hbox (badness 10000) in paragraph at lines 2127--2129

 []

<immagini/5141.pdf, id=1046, 602.25pt x 401.5pt>
File: immagini/5141.pdf Graphic file (type pdf)
<use immagini/5141.pdf>
Package pdftex.def Info: immagini/5141.pdf  used on input line 2140.
(pdftex.def)             Requested size: 215.1019pt x 143.40038pt.
<immagini/5141_2.pdf, id=1047, 602.25pt x 401.5pt>
File: immagini/5141_2.pdf Graphic file (type pdf)
<use immagini/5141_2.pdf>
Package pdftex.def Info: immagini/5141_2.pdf  used on input line 2144.
(pdftex.def)             Requested size: 215.1019pt x 143.40038pt.
<immagini/5142.pdf, id=1048, 602.25pt x 401.5pt>
File: immagini/5142.pdf Graphic file (type pdf)
<use immagini/5142.pdf>
Package pdftex.def Info: immagini/5142.pdf  used on input line 2152.
(pdftex.def)             Requested size: 215.1019pt x 143.40038pt.
<immagini/5142_2.pdf, id=1049, 602.25pt x 401.5pt>
File: immagini/5142_2.pdf Graphic file (type pdf)
<use immagini/5142_2.pdf>
Package pdftex.def Info: immagini/5142_2.pdf  used on input line 2156.
(pdftex.def)             Requested size: 215.1019pt x 143.40038pt.
<immagini/5143.pdf, id=1050, 602.25pt x 401.5pt>
File: immagini/5143.pdf Graphic file (type pdf)
<use immagini/5143.pdf>
Package pdftex.def Info: immagini/5143.pdf  used on input line 2164.
(pdftex.def)             Requested size: 215.1019pt x 143.40038pt.
<immagini/5143_2.pdf, id=1051, 602.25pt x 401.5pt>
File: immagini/5143_2.pdf Graphic file (type pdf)
<use immagini/5143_2.pdf>
Package pdftex.def Info: immagini/5143_2.pdf  used on input line 2168.
(pdftex.def)             Requested size: 215.1019pt x 143.40038pt.
<immagini/5144.pdf, id=1052, 602.25pt x 401.5pt>
File: immagini/5144.pdf Graphic file (type pdf)
<use immagini/5144.pdf>
Package pdftex.def Info: immagini/5144.pdf  used on input line 2176.
(pdftex.def)             Requested size: 215.1019pt x 143.40038pt.
<immagini/5144_2.pdf, id=1053, 602.25pt x 401.5pt>
File: immagini/5144_2.pdf Graphic file (type pdf)
<use immagini/5144_2.pdf>
Package pdftex.def Info: immagini/5144_2.pdf  used on input line 2180.
(pdftex.def)             Requested size: 215.1019pt x 143.40038pt.
<immagini/5145.pdf, id=1054, 602.25pt x 401.5pt>
File: immagini/5145.pdf Graphic file (type pdf)
<use immagini/5145.pdf>
Package pdftex.def Info: immagini/5145.pdf  used on input line 2188.
(pdftex.def)             Requested size: 215.1019pt x 143.40038pt.
<immagini/5145_2.pdf, id=1055, 602.25pt x 401.5pt>
File: immagini/5145_2.pdf Graphic file (type pdf)
<use immagini/5145_2.pdf>
Package pdftex.def Info: immagini/5145_2.pdf  used on input line 2192.
(pdftex.def)             Requested size: 215.1019pt x 143.40038pt.
<immagini/5146.pdf, id=1056, 602.25pt x 401.5pt>
File: immagini/5146.pdf Graphic file (type pdf)
<use immagini/5146.pdf>
Package pdftex.def Info: immagini/5146.pdf  used on input line 2200.
(pdftex.def)             Requested size: 215.1019pt x 143.40038pt.
<immagini/5146_2.pdf, id=1057, 602.25pt x 401.5pt>
File: immagini/5146_2.pdf Graphic file (type pdf)
<use immagini/5146_2.pdf>
Package pdftex.def Info: immagini/5146_2.pdf  used on input line 2204.
(pdftex.def)             Requested size: 215.1019pt x 143.40038pt.
[39 <./immagini/5141.pdf> <./immagini/5141_2.pdf> <./immagini/5142.pdf> <./immagini/5142_2.pdf>] [40 <./immagini/5143.pdf> <./immagini/5143_2.pdf> <./immagini/5144.pdf> <./immagini/5144_2.pdf> <./immagini/5145.pdf> <./immagini/5145_2.pdf>]
<immagini/5311.pdf, id=1086, 602.25pt x 301.125pt>
File: immagini/5311.pdf Graphic file (type pdf)
<use immagini/5311.pdf>
Package pdftex.def Info: immagini/5311.pdf  used on input line 2262.
(pdftex.def)             Requested size: 358.50317pt x 179.25659pt.
 [41 <./immagini/5146.pdf> <./immagini/5146_2.pdf>]
<immagini/5411.pdf, id=1102, 602.25pt x 401.5pt>
File: immagini/5411.pdf Graphic file (type pdf)
<use immagini/5411.pdf>
Package pdftex.def Info: immagini/5411.pdf  used on input line 2312.
(pdftex.def)             Requested size: 240.71094pt x 160.47462pt.
<immagini/5412.pdf, id=1103, 602.25pt x 401.5pt>
File: immagini/5412.pdf Graphic file (type pdf)
<use immagini/5412.pdf>
Package pdftex.def Info: immagini/5412.pdf  used on input line 2317.
(pdftex.def)             Requested size: 240.71094pt x 160.47462pt.
<immagini/5415.pdf, id=1104, 602.25pt x 401.5pt>
File: immagini/5415.pdf Graphic file (type pdf)
<use immagini/5415.pdf>
Package pdftex.def Info: immagini/5415.pdf  used on input line 2321.
(pdftex.def)             Requested size: 240.71094pt x 160.47462pt.
<immagini/5413.pdf, id=1107, 602.25pt x 401.5pt>
File: immagini/5413.pdf Graphic file (type pdf)
<use immagini/5413.pdf>
Package pdftex.def Info: immagini/5413.pdf  used on input line 2340.
(pdftex.def)             Requested size: 240.71094pt x 160.47462pt.
<immagini/5414.pdf, id=1108, 602.25pt x 401.5pt>
File: immagini/5414.pdf Graphic file (type pdf)
<use immagini/5414.pdf>
Package pdftex.def Info: immagini/5414.pdf  used on input line 2345.
(pdftex.def)             Requested size: 240.71094pt x 160.47462pt.
 [42 <./immagini/5311.pdf>] [43 <./immagini/5411.pdf> <./immagini/5412.pdf> <./immagini/5415.pdf>]
<immagini/5421.pdf, id=1132, 602.25pt x 401.5pt>
File: immagini/5421.pdf Graphic file (type pdf)
<use immagini/5421.pdf>
Package pdftex.def Info: immagini/5421.pdf  used on input line 2397.
(pdftex.def)             Requested size: 240.71094pt x 160.47462pt.
<immagini/5422.pdf, id=1133, 602.25pt x 401.5pt>
File: immagini/5422.pdf Graphic file (type pdf)
<use immagini/5422.pdf>
Package pdftex.def Info: immagini/5422.pdf  used on input line 2402.
(pdftex.def)             Requested size: 240.71094pt x 160.47462pt.
<immagini/5423.pdf, id=1134, 602.25pt x 401.5pt>
File: immagini/5423.pdf Graphic file (type pdf)
<use immagini/5423.pdf>
Package pdftex.def Info: immagini/5423.pdf  used on input line 2406.
(pdftex.def)             Requested size: 240.71094pt x 160.47462pt.
<immagini/5424.pdf, id=1135, 602.25pt x 401.5pt>
File: immagini/5424.pdf Graphic file (type pdf)
<use immagini/5424.pdf>
Package pdftex.def Info: immagini/5424.pdf  used on input line 2410.
(pdftex.def)             Requested size: 240.71094pt x 160.47462pt.
<immagini/5425.pdf, id=1136, 602.25pt x 401.5pt>
File: immagini/5425.pdf Graphic file (type pdf)
<use immagini/5425.pdf>
Package pdftex.def Info: immagini/5425.pdf  used on input line 2414.
(pdftex.def)             Requested size: 240.71094pt x 160.47462pt.
 [44 <./immagini/5413.pdf> <./immagini/5414.pdf>]
Overfull \hbox (0.28674pt too wide) in paragraph at lines 2432--2435
\OT1/cmr/m/n/12 Per cias-cun in-te-grale, cal-cola le ap-prossi-mazioni uti-liz-zando la re-gola di quadratura di Gauss-Legendre
 []

[45 <./immagini/5421.pdf> <./immagini/5422.pdf> <./immagini/5423.pdf> <./immagini/5424.pdf> <./immagini/5425.pdf>]
<immagini/5431.pdf, id=1155, 602.25pt x 401.5pt>
File: immagini/5431.pdf Graphic file (type pdf)
<use immagini/5431.pdf>
Package pdftex.def Info: immagini/5431.pdf  used on input line 2450.
(pdftex.def)             Requested size: 204.85672pt x 136.56944pt.
<immagini/5432.pdf, id=1156, 602.25pt x 401.5pt>
File: immagini/5432.pdf Graphic file (type pdf)
<use immagini/5432.pdf>
Package pdftex.def Info: immagini/5432.pdf  used on input line 2455.
(pdftex.def)             Requested size: 204.85672pt x 136.56944pt.
<immagini/5433.pdf, id=1157, 602.25pt x 401.5pt>
File: immagini/5433.pdf Graphic file (type pdf)
<use immagini/5433.pdf>
Package pdftex.def Info: immagini/5433.pdf  used on input line 2459.
(pdftex.def)             Requested size: 204.85672pt x 136.56944pt.
<immagini/5434.pdf, id=1158, 602.25pt x 401.5pt>
File: immagini/5434.pdf Graphic file (type pdf)
<use immagini/5434.pdf>
Package pdftex.def Info: immagini/5434.pdf  used on input line 2463.
(pdftex.def)             Requested size: 204.85672pt x 136.56944pt.
<immagini/5435.pdf, id=1159, 602.25pt x 401.5pt>
File: immagini/5435.pdf Graphic file (type pdf)
<use immagini/5435.pdf>
Package pdftex.def Info: immagini/5435.pdf  used on input line 2467.
(pdftex.def)             Requested size: 204.85672pt x 136.56944pt.

Overfull \hbox (15.41989pt too wide) in paragraph at lines 2474--2486
\OT1/cmr/m/n/12 Tale ra-pidit^^Ra ^^Re garan-tita dal fatto che la quadratura dou-ble ex-po-nen-tial ^^Re ro-busta rispetto all'integrazione
 []

[46 <./immagini/5431.pdf> <./immagini/5432.pdf> <./immagini/5433.pdf> <./immagini/5434.pdf> <./immagini/5435.pdf>]
<immagini/6221.pdf, id=1173, 602.25pt x 401.5pt>
File: immagini/6221.pdf Graphic file (type pdf)
<use immagini/6221.pdf>
Package pdftex.def Info: immagini/6221.pdf  used on input line 2513.
(pdftex.def)             Requested size: 240.71094pt x 160.47462pt.
<immagini/6222.pdf, id=1174, 602.25pt x 401.5pt>
File: immagini/6222.pdf Graphic file (type pdf)
<use immagini/6222.pdf>
Package pdftex.def Info: immagini/6222.pdf  used on input line 2517.
(pdftex.def)             Requested size: 240.71094pt x 160.47462pt.
<immagini/6223.pdf, id=1175, 602.25pt x 401.5pt>
File: immagini/6223.pdf Graphic file (type pdf)
<use immagini/6223.pdf>
Package pdftex.def Info: immagini/6223.pdf  used on input line 2525.
(pdftex.def)             Requested size: 240.71094pt x 160.47462pt.
<immagini/6224.pdf, id=1176, 602.25pt x 401.5pt>
File: immagini/6224.pdf Graphic file (type pdf)
<use immagini/6224.pdf>
Package pdftex.def Info: immagini/6224.pdf  used on input line 2529.
(pdftex.def)             Requested size: 240.71094pt x 160.47462pt.
<immagini/6225.pdf, id=1177, 602.25pt x 401.5pt>
File: immagini/6225.pdf Graphic file (type pdf)
<use immagini/6225.pdf>
Package pdftex.def Info: immagini/6225.pdf  used on input line 2537.
(pdftex.def)             Requested size: 240.71094pt x 160.47462pt.
<immagini/6226.pdf, id=1178, 602.25pt x 401.5pt>
File: immagini/6226.pdf Graphic file (type pdf)
<use immagini/6226.pdf>
Package pdftex.def Info: immagini/6226.pdf  used on input line 2541.
(pdftex.def)             Requested size: 240.71094pt x 160.47462pt.
 [47 <./immagini/6221.pdf> <./immagini/6222.pdf>]
Underfull \hbox (badness 10000) in paragraph at lines 2563--2566

 []

[48 <./immagini/6223.pdf> <./immagini/6224.pdf> <./immagini/6225.pdf> <./immagini/6226.pdf>]
<immagini/6231.pdf, id=1201, 602.25pt x 401.5pt>
File: immagini/6231.pdf Graphic file (type pdf)
<use immagini/6231.pdf>
Package pdftex.def Info: immagini/6231.pdf  used on input line 2614.
(pdftex.def)             Requested size: 240.71094pt x 160.47462pt.
<immagini/6232.pdf, id=1202, 602.25pt x 401.5pt>
File: immagini/6232.pdf Graphic file (type pdf)
<use immagini/6232.pdf>
Package pdftex.def Info: immagini/6232.pdf  used on input line 2618.
(pdftex.def)             Requested size: 240.71094pt x 160.47462pt.
<immagini/6233.pdf, id=1203, 602.25pt x 401.5pt>
File: immagini/6233.pdf Graphic file (type pdf)
<use immagini/6233.pdf>
Package pdftex.def Info: immagini/6233.pdf  used on input line 2626.
(pdftex.def)             Requested size: 240.71094pt x 160.47462pt.
<immagini/6234.pdf, id=1204, 602.25pt x 401.5pt>
File: immagini/6234.pdf Graphic file (type pdf)
<use immagini/6234.pdf>
Package pdftex.def Info: immagini/6234.pdf  used on input line 2630.
(pdftex.def)             Requested size: 240.71094pt x 160.47462pt.
<immagini/6235.pdf, id=1205, 602.25pt x 401.5pt>
File: immagini/6235.pdf Graphic file (type pdf)
<use immagini/6235.pdf>
Package pdftex.def Info: immagini/6235.pdf  used on input line 2638.
(pdftex.def)             Requested size: 240.71094pt x 160.47462pt.
<immagini/6236.pdf, id=1206, 602.25pt x 401.5pt>
File: immagini/6236.pdf Graphic file (type pdf)
<use immagini/6236.pdf>
Package pdftex.def Info: immagini/6236.pdf  used on input line 2642.
(pdftex.def)             Requested size: 240.71094pt x 160.47462pt.
 [49 <./immagini/6231.pdf> <./immagini/6232.pdf> <./immagini/6233.pdf> <./immagini/6234.pdf>]
Underfull \hbox (badness 10000) in paragraph at lines 2661--2666

 []


Underfull \hbox (badness 10000) in paragraph at lines 2667--2668

 []

<immagini/6311.pdf, id=1224, 602.25pt x 401.5pt>
File: immagini/6311.pdf Graphic file (type pdf)
<use immagini/6311.pdf>
Package pdftex.def Info: immagini/6311.pdf  used on input line 2679.
(pdftex.def)             Requested size: 358.50317pt x 239.00879pt.
[50 <./immagini/6235.pdf> <./immagini/6236.pdf>]
<immagini/632A1.pdf, id=1234, 602.25pt x 301.125pt>
File: immagini/632A1.pdf Graphic file (type pdf)
<use immagini/632A1.pdf>
Package pdftex.def Info: immagini/632A1.pdf  used on input line 2743.
(pdftex.def)             Requested size: 240.71094pt x 120.35596pt.
<immagini/632A2.pdf, id=1235, 602.25pt x 301.125pt>
File: immagini/632A2.pdf Graphic file (type pdf)
<use immagini/632A2.pdf>
Package pdftex.def Info: immagini/632A2.pdf  used on input line 2747.
(pdftex.def)             Requested size: 240.71094pt x 120.35596pt.
<immagini/632B1.pdf, id=1236, 602.25pt x 301.125pt>
File: immagini/632B1.pdf Graphic file (type pdf)
<use immagini/632B1.pdf>
Package pdftex.def Info: immagini/632B1.pdf  used on input line 2755.
(pdftex.def)             Requested size: 240.71094pt x 120.35596pt.
<immagini/632B2.pdf, id=1237, 602.25pt x 301.125pt>
File: immagini/632B2.pdf Graphic file (type pdf)
<use immagini/632B2.pdf>
Package pdftex.def Info: immagini/632B2.pdf  used on input line 2759.
(pdftex.def)             Requested size: 240.71094pt x 120.35596pt.
<immagini/632B3.pdf, id=1238, 602.25pt x 301.125pt>
File: immagini/632B3.pdf Graphic file (type pdf)
<use immagini/632B3.pdf>
Package pdftex.def Info: immagini/632B3.pdf  used on input line 2762.
(pdftex.def)             Requested size: 240.71094pt x 120.35596pt.
 [51 <./immagini/6311.pdf>] [52 <./immagini/632A1.pdf> <./immagini/632A2.pdf> <./immagini/632B1.pdf> <./immagini/632B2.pdf> <./immagini/632B3.pdf>]
<immagini/6331.pdf, id=1263, 602.25pt x 401.5pt>
File: immagini/6331.pdf Graphic file (type pdf)
<use immagini/6331.pdf>
Package pdftex.def Info: immagini/6331.pdf  used on input line 2809.
(pdftex.def)             Requested size: 358.50317pt x 239.00879pt.
 [53 <./immagini/6331.pdf>]
<immagini/6351.pdf, id=1273, 602.25pt x 401.5pt>
File: immagini/6351.pdf Graphic file (type pdf)
<use immagini/6351.pdf>
Package pdftex.def Info: immagini/6351.pdf  used on input line 2848.
(pdftex.def)             Requested size: 204.85672pt x 136.56944pt.
<immagini/6352.pdf, id=1274, 602.25pt x 401.5pt>
File: immagini/6352.pdf Graphic file (type pdf)
<use immagini/6352.pdf>
Package pdftex.def Info: immagini/6352.pdf  used on input line 2852.
(pdftex.def)             Requested size: 204.85672pt x 136.56944pt.
<immagini/6353.pdf, id=1276, 602.25pt x 401.5pt>
File: immagini/6353.pdf Graphic file (type pdf)
<use immagini/6353.pdf>
Package pdftex.def Info: immagini/6353.pdf  used on input line 2866.
(pdftex.def)             Requested size: 307.2929pt x 204.86642pt.

Underfull \hbox (badness 10000) in paragraph at lines 2872--2877

 []

[54 <./immagini/6351.pdf> <./immagini/6352.pdf> <./immagini/6353.pdf>]
<immagini/6361.pdf, id=1290, 602.25pt x 401.5pt>
File: immagini/6361.pdf Graphic file (type pdf)
<use immagini/6361.pdf>
Package pdftex.def Info: immagini/6361.pdf  used on input line 2916.
(pdftex.def)             Requested size: 204.85672pt x 136.56944pt.
<immagini/6362.pdf, id=1291, 602.25pt x 401.5pt>
File: immagini/6362.pdf Graphic file (type pdf)
<use immagini/6362.pdf>
Package pdftex.def Info: immagini/6362.pdf  used on input line 2920.
(pdftex.def)             Requested size: 204.85672pt x 136.56944pt.
<immagini/6363.pdf, id=1292, 602.25pt x 401.5pt>
File: immagini/6363.pdf Graphic file (type pdf)
<use immagini/6363.pdf>
Package pdftex.def Info: immagini/6363.pdf  used on input line 2928.
(pdftex.def)             Requested size: 204.85672pt x 136.56944pt.
<immagini/6364.pdf, id=1293, 602.25pt x 401.5pt>
File: immagini/6364.pdf Graphic file (type pdf)
<use immagini/6364.pdf>
Package pdftex.def Info: immagini/6364.pdf  used on input line 2932.
(pdftex.def)             Requested size: 204.85672pt x 136.56944pt.
<immagini/6365.pdf, id=1294, 602.25pt x 401.5pt>
File: immagini/6365.pdf Graphic file (type pdf)
<use immagini/6365.pdf>
Package pdftex.def Info: immagini/6365.pdf  used on input line 2940.
(pdftex.def)             Requested size: 204.85672pt x 136.56944pt.
<immagini/6366.pdf, id=1295, 602.25pt x 401.5pt>
File: immagini/6366.pdf Graphic file (type pdf)
<use immagini/6366.pdf>
Package pdftex.def Info: immagini/6366.pdf  used on input line 2944.
(pdftex.def)             Requested size: 204.85672pt x 136.56944pt.
<immagini/6367.pdf, id=1296, 602.25pt x 401.5pt>
File: immagini/6367.pdf Graphic file (type pdf)
<use immagini/6367.pdf>
Package pdftex.def Info: immagini/6367.pdf  used on input line 2952.
(pdftex.def)             Requested size: 204.85672pt x 136.56944pt.
<immagini/6368.pdf, id=1297, 602.25pt x 401.5pt>
File: immagini/6368.pdf Graphic file (type pdf)
<use immagini/6368.pdf>
Package pdftex.def Info: immagini/6368.pdf  used on input line 2956.
(pdftex.def)             Requested size: 204.85672pt x 136.56944pt.
 [55 <./immagini/6361.pdf> <./immagini/6362.pdf>] [56 <./immagini/6363.pdf> <./immagini/6364.pdf> <./immagini/6365.pdf> <./immagini/6366.pdf> <./immagini/6367.pdf> <./immagini/6368.pdf>]
<immagini/6371.pdf, id=1324, 602.25pt x 401.5pt>
File: immagini/6371.pdf Graphic file (type pdf)
<use immagini/6371.pdf>
Package pdftex.def Info: immagini/6371.pdf  used on input line 3004.
(pdftex.def)             Requested size: 240.71094pt x 160.47462pt.
<immagini/6372.pdf, id=1325, 602.25pt x 401.5pt>
File: immagini/6372.pdf Graphic file (type pdf)
<use immagini/6372.pdf>
Package pdftex.def Info: immagini/6372.pdf  used on input line 3008.
(pdftex.def)             Requested size: 240.71094pt x 160.47462pt.
 [57 <./immagini/6371.pdf> <./immagini/6372.pdf>] [58] (relazione.aux)
 ***********
LaTeX2e <2023-11-01> patch level 1
L3 programming layer <2024-01-04>
 ***********
Package rerunfilecheck Info: File `relazione.out' has not changed.
(rerunfilecheck)             Checksum: 0AC01A7BAED402463027B9FFCAB6A9D5;12315.
 ) 
Here is how much of TeX's memory you used:
 19300 strings out of 474485
 374869 string characters out of 5745622
 1957542 words of memory out of 5000000
 41002 multiletter control sequences out of 15000+600000
 575238 words of font info for 99 fonts, out of 8000000 for 9000
 1141 hyphenation exceptions out of 8191
 75i,17n,80p,417b,1158s stack positions out of 10000i,1000n,20000p,200000b,200000s
 <C:\Users\i\AppData\Local\MiKTeX\fonts/pk/ljfour/jknappen/ec/dpi600\tcrm1200.pk><C:/Users/i/AppData/Local/Programs/MiKTeX/fonts/type1/public/amsfonts/cm/cmbx10.pfb><C:/Users/i/AppData/Local/Programs/MiKTeX/fonts/type1/public/amsfonts/cm/cmbx12.pfb><C:/Users/i/AppData/Local/Programs/MiKTeX/fonts/type1/public/amsfonts/cm/cmbx8.pfb><C:/Users/i/AppData/Local/Programs/MiKTeX/fonts/type1/public/amsfonts/cm/cmex10.pfb><C:/Users/i/AppData/Local/Programs/MiKTeX/fonts/type1/public/amsfonts/cm/cmmi12.pfb><C:/Users/i/AppData/Local/Programs/MiKTeX/fonts/type1/public/amsfonts/cm/cmmi6.pfb><C:/Users/i/AppData/Local/Programs/MiKTeX/fonts/type1/public/amsfonts/cm/cmmi8.pfb><C:/Users/i/AppData/Local/Programs/MiKTeX/fonts/type1/public/amsfonts/cm/cmr10.pfb><C:/Users/i/AppData/Local/Programs/MiKTeX/fonts/type1/public/amsfonts/cm/cmr12.pfb><C:/Users/i/AppData/Local/Programs/MiKTeX/fonts/type1/public/amsfonts/cm/cmr17.pfb><C:/Users/i/AppData/Local/Programs/MiKTeX/fonts/type1/public/amsfonts/cm/cmr6.pfb><C:/Users/i/AppData/Local/Programs/MiKTeX/fonts/type1/public/amsfonts/cm/cmr8.pfb><C:/Users/i/AppData/Local/Programs/MiKTeX/fonts/type1/public/amsfonts/cm/cmsy10.pfb><C:/Users/i/AppData/Local/Programs/MiKTeX/fonts/type1/public/amsfonts/cm/cmsy6.pfb><C:/Users/i/AppData/Local/Programs/MiKTeX/fonts/type1/public/amsfonts/cm/cmsy8.pfb><C:/Users/i/AppData/Local/Programs/MiKTeX/fonts/type1/public/amsfonts/cm/cmti12.pfb><C:/Users/i/AppData/Local/Programs/MiKTeX/fonts/type1/public/amsfonts/cm/cmtt10.pfb><C:/Users/i/AppData/Local/Programs/MiKTeX/fonts/type1/public/amsfonts/cm/cmtt12.pfb><C:/Users/i/AppData/Local/Programs/MiKTeX/fonts/type1/public/amsfonts/symbols/msbm10.pfb>
Output written on relazione.pdf (58 pages, 4216423 bytes).
PDF statistics:
 1501 PDF objects out of 1728 (max. 8388607)
 365 named destinations out of 1000 (max. 500000)
 1338 words of extra memory for PDF output out of 10000 (max. 10000000)

