\BOOKMARK [1][-]{section.1}{\376\377\000A\000n\000a\000l\000i\000s\000i\000\040\000d\000e\000l\000l\000'\000e\000r\000r\000o\000r\000e}{}% 1
\BOOKMARK [2][-]{subsection.1.1}{\376\377\000T\000e\000o\000r\000i\000a}{section.1}% 2
\BOOKMARK [2][-]{subsection.1.2}{\376\377\000E\000s\000e\000r\000c\000i\000z\000i\000o\000\040\0001\000.\0000\000.\0001}{section.1}% 3
\BOOKMARK [3][-]{subsubsection.1.2.1}{\376\377\000S\000o\000l\000u\000z\000i\000o\000n\000e}{subsection.1.2}% 4
\BOOKMARK [2][-]{subsection.1.3}{\376\377\000E\000s\000e\000r\000c\000i\000z\000i\000o\000\040\0001\000.\0002\000.\0001}{section.1}% 5
\BOOKMARK [3][-]{subsubsection.1.3.1}{\376\377\000S\000o\000l\000u\000z\000i\000o\000n\000e}{subsection.1.3}% 6
\BOOKMARK [2][-]{subsection.1.4}{\376\377\000E\000s\000e\000r\000c\000i\000z\000i\000o\000\040\0001\000.\0004\000.\0001}{section.1}% 7
\BOOKMARK [3][-]{subsubsection.1.4.1}{\376\377\000S\000o\000l\000u\000z\000i\000o\000n\000e}{subsection.1.4}% 8
\BOOKMARK [2][-]{subsection.1.5}{\376\377\000E\000s\000e\000r\000c\000i\000z\000i\000o\000\040\0001\000.\0004\000.\0002}{section.1}% 9
\BOOKMARK [3][-]{subsubsection.1.5.1}{\376\377\000S\000o\000l\000u\000z\000i\000o\000n\000e}{subsection.1.5}% 10
\BOOKMARK [1][-]{section.2}{\376\377\000S\000i\000s\000t\000e\000m\000i\000\040\000l\000i\000n\000e\000a\000r\000i}{}% 11
\BOOKMARK [2][-]{subsection.2.1}{\376\377\000T\000e\000o\000r\000i\000a}{section.2}% 12
\BOOKMARK [2][-]{subsection.2.2}{\376\377\000E\000s\000e\000r\000c\000i\000z\000i\000\040\0002\000.\0001\000.\0001\000,\000\040\0002\000.\0001\000.\0002\000,\000\040\0002\000.\0001\000.\0003\000,\000\040\0002\000.\0001\000.\0004}{section.2}% 13
\BOOKMARK [3][-]{subsubsection.2.2.1}{\376\377\000S\000o\000l\000u\000z\000i\000o\000n\000e}{subsection.2.2}% 14
\BOOKMARK [2][-]{subsection.2.3}{\376\377\000E\000s\000e\000r\000c\000i\000z\000i\000\040\0002\000.\0003\000.\0001\000,\000\040\0002\000.\0003\000.\0002\000,\000\040\0002\000.\0003\000.\0004}{section.2}% 15
\BOOKMARK [3][-]{subsubsection.2.3.1}{\376\377\000S\000o\000l\000u\000z\000i\000o\000n\000e}{subsection.2.3}% 16
\BOOKMARK [2][-]{subsection.2.4}{\376\377\000E\000s\000e\000r\000c\000i\000z\000i\000o\000\040\0002\000.\0003\000.\0003}{section.2}% 17
\BOOKMARK [3][-]{subsubsection.2.4.1}{\376\377\000S\000o\000l\000u\000z\000i\000o\000n\000e}{subsection.2.4}% 18
\BOOKMARK [2][-]{subsection.2.5}{\376\377\000E\000s\000e\000r\000c\000i\000z\000i\000\040\0002\000.\0004\000.\0001\000,\000\040\0002\000.\0004\000.\0002}{section.2}% 19
\BOOKMARK [3][-]{subsubsection.2.5.1}{\376\377\000S\000o\000l\000u\000z\000i\000o\000n\000e}{subsection.2.5}% 20
\BOOKMARK [1][-]{section.3}{\376\377\000R\000a\000d\000i\000c\000i\000\040\000d\000i\000\040\000e\000q\000u\000a\000z\000i\000o\000n\000i\000\040\000n\000o\000n\000\040\000l\000i\000n\000e\000a\000r\000i}{}% 21
\BOOKMARK [2][-]{subsection.3.1}{\376\377\000T\000e\000o\000r\000i\000a}{section.3}% 22
\BOOKMARK [1][-]{section.4}{\376\377\000I\000n\000t\000e\000r\000p\000o\000l\000a\000z\000i\000o\000n\000i}{}% 23
\BOOKMARK [2][-]{subsection.4.1}{\376\377\000T\000e\000o\000r\000i\000a}{section.4}% 24
\BOOKMARK [1][-]{section.5}{\376\377\000I\000n\000t\000e\000g\000r\000a\000z\000i\000o\000n\000e\000\040\000n\000u\000m\000e\000r\000i\000c\000a}{}% 25
\BOOKMARK [2][-]{subsection.5.1}{\376\377\000T\000e\000o\000r\000i\000a}{section.5}% 26
\BOOKMARK [1][-]{section.6}{\376\377\000E\000q\000u\000a\000z\000i\000o\000n\000i\000\040\000d\000i\000f\000f\000e\000r\000e\000n\000z\000i\000a\000l\000i\000\040\000o\000r\000d\000i\000n\000a\000r\000i\000e}{}% 27
\BOOKMARK [2][-]{subsection.6.1}{\376\377\000T\000e\000o\000r\000i\000a}{section.6}% 28
